t=2019-03-05T02:48:34+0800 lvl=info msg="current dir:" dir=/Users/w/go/src/github.com/33cn/plugin/build
t=2019-03-05T02:48:34+0800 lvl=info msg="current dir:" dir=/Users/w/go/src/github.com/33cn/plugin/build
[31mEROR[0m[03-05|02:48:34] chain config config.consensus.sub.para.ParaRemoteGrpcClient not found [31mmodule[0m=types
[31mEROR[0m[03-05|02:48:34] listSeqCB                                [31mmodule[0m=blockchain [31merr[0m=ErrNotFound
[31mEROR[0m[03-05|02:48:34] chain config config.consensus.sub.para.ParaRemoteGrpcClient not found [31mmodule[0m=types
[31mEROR[0m[03-05|02:48:44] checkExpireFTXOOnTimer Can not get last header. [31mmodule[0m=wallet.privacy
[31mEROR[0m[03-05|02:48:54] checkExpireFTXOOnTimer Can not get last header. [31mmodule[0m=wallet.privacy
[31mEROR[0m[03-05|02:48:56] newBlock height error                    [31mmodule[0m=pos33 [31mlastHeight[0m=0 [31mheight[0m=3
panic: the last block too low

goroutine 114 [running]:
github.com/33cn/plugin/plugin/consensus/pos33.(*node).makeBlock(0xc000686ae0, 0x2, 0x0, 0xc0023e6f01, 0x22, 0x0)
	/Users/w/go/src/github.com/33cn/plugin/plugin/consensus/pos33/node.go:125 +0x287
github.com/33cn/plugin/plugin/consensus/pos33.(*node).handleVote(0xc000686ae0, 0xc00280cf60)
	/Users/w/go/src/github.com/33cn/plugin/plugin/consensus/pos33/node.go:229 +0x3dd
github.com/33cn/plugin/plugin/consensus/pos33.(*node).voteBlock(0xc000686ae0, 0xc0001cc410, 0x1)
	/Users/w/go/src/github.com/33cn/plugin/plugin/consensus/pos33/node.go:431 +0x221
github.com/33cn/plugin/plugin/consensus/pos33.(*node).runLoop(0xc000686ae0)
	/Users/w/go/src/github.com/33cn/plugin/plugin/consensus/pos33/node.go:482 +0x4f6
github.com/33cn/plugin/plugin/consensus/pos33.(*Client).CreateBlock(0xc0007a6d50)
	/Users/w/go/src/github.com/33cn/plugin/plugin/consensus/pos33/pos33.go:220 +0x126
created by github.com/33cn/plugin/vendor/github.com/33cn/chain33/system/consensus.(*BaseClient).SetQueueClient
	/Users/w/go/src/github.com/33cn/plugin/vendor/github.com/33cn/chain33/system/consensus/base.go:118 +0xc3
t=2019-03-05T02:54:00+0800 lvl=info msg="current dir:" dir=/Users/w/go/src/github.com/33cn/plugin/build
t=2019-03-05T02:54:00+0800 lvl=info msg="current dir:" dir=/Users/w/go/src/github.com/33cn/plugin/build
[31mEROR[0m[03-05|02:54:00] chain config config.consensus.sub.para.ParaRemoteGrpcClient not found [31mmodule[0m=types
[31mEROR[0m[03-05|02:54:00] listSeqCB                                [31mmodule[0m=blockchain [31merr[0m=ErrNotFound
[31mEROR[0m[03-05|02:54:00] chain config config.consensus.sub.para.ParaRemoteGrpcClient not found [31mmodule[0m=types
[31mEROR[0m[03-05|02:54:10] checkExpireFTXOOnTimer Can not get last header. [31mmodule[0m=wallet.privacy
[31mEROR[0m[03-05|02:54:20] checkExpireFTXOOnTimer Can not get last header. [31mmodule[0m=wallet.privacy
[31mEROR[0m[03-05|02:54:22] newBlock height error                    [31mmodule[0m=pos33 [31mlastHeight[0m=0 [31mheight[0m=3
panic: the last block too low

goroutine 78 [running]:
github.com/33cn/plugin/plugin/consensus/pos33.(*node).makeBlock(0xc0007d4000, 0x2, 0x0, 0xc00263c001, 0x22, 0x0)
	/Users/w/go/src/github.com/33cn/plugin/plugin/consensus/pos33/node.go:125 +0x287
github.com/33cn/plugin/plugin/consensus/pos33.(*node).handleVote(0xc0007d4000, 0xc002664120)
	/Users/w/go/src/github.com/33cn/plugin/plugin/consensus/pos33/node.go:229 +0x3dd
github.com/33cn/plugin/plugin/consensus/pos33.(*node).voteBlock(0xc0007d4000, 0xc0002dbba0, 0x1)
	/Users/w/go/src/github.com/33cn/plugin/plugin/consensus/pos33/node.go:431 +0x221
github.com/33cn/plugin/plugin/consensus/pos33.(*node).runLoop(0xc0007d4000)
	/Users/w/go/src/github.com/33cn/plugin/plugin/consensus/pos33/node.go:483 +0x5da
github.com/33cn/plugin/plugin/consensus/pos33.(*Client).CreateBlock(0xc0002b4e70)
	/Users/w/go/src/github.com/33cn/plugin/plugin/consensus/pos33/pos33.go:220 +0x126
created by github.com/33cn/plugin/vendor/github.com/33cn/chain33/system/consensus.(*BaseClient).SetQueueClient
	/Users/w/go/src/github.com/33cn/plugin/vendor/github.com/33cn/chain33/system/consensus/base.go:118 +0xc3
t=2019-03-05T03:02:13+0800 lvl=info msg="current dir:" dir=/Users/w/go/src/github.com/33cn/plugin/build
t=2019-03-05T03:02:13+0800 lvl=info msg="current dir:" dir=/Users/w/go/src/github.com/33cn/plugin/build
[31mEROR[0m[03-05|03:02:13] chain config config.consensus.sub.para.ParaRemoteGrpcClient not found [31mmodule[0m=types
[31mEROR[0m[03-05|03:02:13] listSeqCB                                [31mmodule[0m=blockchain [31merr[0m=ErrNotFound
[31mEROR[0m[03-05|03:02:13] chain config config.consensus.sub.para.ParaRemoteGrpcClient not found [31mmodule[0m=types
[31mEROR[0m[03-05|03:02:14] newBlock height error                    [31mmodule[0m=pos33 [31mlastHeight[0m=0 [31mheight[0m=2
panic: the last block too low

goroutine 122 [running]:
github.com/33cn/plugin/plugin/consensus/pos33.(*node).makeBlock(0xc000505680, 0x1, 0x0, 0xc002329101, 0x22, 0xc0001a3200)
	/Users/w/go/src/github.com/33cn/plugin/plugin/consensus/pos33/node.go:125 +0x287
github.com/33cn/plugin/plugin/consensus/pos33.(*node).handleVote(0xc000505680, 0xc00274e360)
	/Users/w/go/src/github.com/33cn/plugin/plugin/consensus/pos33/node.go:237 +0x3dd
github.com/33cn/plugin/plugin/consensus/pos33.(*node).voteBlock(0xc000505680, 0xc0002f7110, 0x0)
	/Users/w/go/src/github.com/33cn/plugin/plugin/consensus/pos33/node.go:439 +0x221
github.com/33cn/plugin/plugin/consensus/pos33.(*node).runLoop(0xc000505680)
	/Users/w/go/src/github.com/33cn/plugin/plugin/consensus/pos33/node.go:502 +0x478
github.com/33cn/plugin/plugin/consensus/pos33.(*Client).CreateBlock(0xc00057f950)
	/Users/w/go/src/github.com/33cn/plugin/plugin/consensus/pos33/pos33.go:220 +0x126
created by github.com/33cn/plugin/vendor/github.com/33cn/chain33/system/consensus.(*BaseClient).SetQueueClient
	/Users/w/go/src/github.com/33cn/plugin/vendor/github.com/33cn/chain33/system/consensus/base.go:118 +0xc3
t=2019-03-05T03:04:10+0800 lvl=info msg="current dir:" dir=/Users/w/go/src/github.com/33cn/plugin/build
t=2019-03-05T03:04:10+0800 lvl=info msg="current dir:" dir=/Users/w/go/src/github.com/33cn/plugin/build
[31mEROR[0m[03-05|03:04:10] chain config config.consensus.sub.para.ParaRemoteGrpcClient not found [31mmodule[0m=types
[31mEROR[0m[03-05|03:04:10] listSeqCB                                [31mmodule[0m=blockchain [31merr[0m=ErrNotFound
[31mEROR[0m[03-05|03:04:10] chain config config.consensus.sub.para.ParaRemoteGrpcClient not found [31mmodule[0m=types
[31mEROR[0m[03-05|03:04:11] newBlock height error                    [31mmodule[0m=pos33 [31mlastHeight[0m=0 [31mheight[0m=2
panic: the last block too low

goroutine 108 [running]:
github.com/33cn/plugin/plugin/consensus/pos33.(*node).makeBlock(0xc000609020, 0x1, 0x0, 0xc002dd2a01, 0x22, 0xc00060b500)
	/Users/w/go/src/github.com/33cn/plugin/plugin/consensus/pos33/node.go:126 +0x2f7
github.com/33cn/plugin/plugin/consensus/pos33.(*node).handleVote(0xc000609020, 0xc002d5dda0)
	/Users/w/go/src/github.com/33cn/plugin/plugin/consensus/pos33/node.go:237 +0x3dd
github.com/33cn/plugin/plugin/consensus/pos33.(*node).voteBlock(0xc000609020, 0xc000e904e0, 0x0)
	/Users/w/go/src/github.com/33cn/plugin/plugin/consensus/pos33/node.go:439 +0x221
github.com/33cn/plugin/plugin/consensus/pos33.(*node).runLoop(0xc000609020)
	/Users/w/go/src/github.com/33cn/plugin/plugin/consensus/pos33/node.go:502 +0x478
github.com/33cn/plugin/plugin/consensus/pos33.(*Client).CreateBlock(0xc0007e0600)
	/Users/w/go/src/github.com/33cn/plugin/plugin/consensus/pos33/pos33.go:220 +0x126
created by github.com/33cn/plugin/vendor/github.com/33cn/chain33/system/consensus.(*BaseClient).SetQueueClient
	/Users/w/go/src/github.com/33cn/plugin/vendor/github.com/33cn/chain33/system/consensus/base.go:118 +0xc3
t=2019-03-05T03:05:18+0800 lvl=info msg="current dir:" dir=/Users/w/go/src/github.com/33cn/plugin/build
t=2019-03-05T03:05:18+0800 lvl=info msg="current dir:" dir=/Users/w/go/src/github.com/33cn/plugin/build
[31mEROR[0m[03-05|03:05:18] chain config config.consensus.sub.para.ParaRemoteGrpcClient not found [31mmodule[0m=types
[31mEROR[0m[03-05|03:05:18] listSeqCB                                [31mmodule[0m=blockchain [31merr[0m=ErrNotFound
[31mEROR[0m[03-05|03:05:18] chain config config.consensus.sub.para.ParaRemoteGrpcClient not found [31mmodule[0m=types
[31mEROR[0m[03-05|03:05:19] GetTypeMap is not ok                     [31mmodule[0m=types
[31mEROR[0m[03-05|03:05:19] exec tx error =                          [31mmodule[0m=execs [31merr[0m=ErrActionNotSupport [31mexec[0m=pos33 [31maction[0m=unknown
[31mEROR[0m[03-05|03:05:19] getCurrentCommittee error                [31mmodule[0m=pos33 [31merr[0m=ErrNotFound
[31mEROR[0m[03-05|03:05:19] GetTypeMap is not ok                     [31mmodule[0m=types
[31mEROR[0m[03-05|03:05:19] GetTypeMap is not ok                     [31mmodule[0m=types
[31mEROR[0m[03-05|03:05:22] GetTypeMap is not ok                     [31mmodule[0m=types
[31mEROR[0m[03-05|03:05:22] exec tx error =                          [31mmodule[0m=execs [31merr[0m=ErrActionNotSupport [31mexec[0m=pos33 [31maction[0m=unknown
[31mEROR[0m[03-05|03:05:22] GetTypeMap is not ok                     [31mmodule[0m=types
[31mEROR[0m[03-05|03:05:22] exec tx error =                          [31mmodule[0m=execs [31merr[0m=ErrActionNotSupport [31mexec[0m=pos33 [31maction[0m=electe
[31mEROR[0m[03-05|03:05:22] getCurrentCommittee error                [31mmodule[0m=pos33 [31merr[0m=ErrNotFound
[31mEROR[0m[03-05|03:05:22] GetTypeMap is not ok                     [31mmodule[0m=types
[31mEROR[0m[03-05|03:05:22] GetTypeMap is not ok                     [31mmodule[0m=types
[31mEROR[0m[03-05|03:05:22] GetTypeMap is not ok                     [31mmodule[0m=types
[31mEROR[0m[03-05|03:05:22] GetTypeMap is not ok                     [31mmodule[0m=types
[31mEROR[0m[03-05|03:06:18] CheckTipBlockHash GetMaxPeerInfo is nil  [31mmodule[0m=blockchain [31msubmodule[0m=syn
[31mEROR[0m[03-05|03:07:18] CheckTipBlockHash GetMaxPeerInfo is nil  [31mmodule[0m=blockchain [31msubmodule[0m=syn
[31mEROR[0m[03-05|03:08:18] CheckTipBlockHash GetMaxPeerInfo is nil  [31mmodule[0m=blockchain [31msubmodule[0m=syn
[31mEROR[0m[03-05|03:09:18] CheckTipBlockHash GetMaxPeerInfo is nil  [31mmodule[0m=blockchain [31msubmodule[0m=syn
